# JRE version: OpenJDK Runtime Environment (11.0.8+10) (build 11.0.8+10-b944.6842174)
# Java VM: OpenJDK 64-Bit Server VM (11.0.8+10-b944.6842174, mixed mode, tiered, compressed oops, g1 gc, windows-amd64)
Heap:
 garbage-first heap   total 325632K, used 132980K [0x0000000080000000, 0x0000000100000000)
  region size 1024K, 114 young (116736K), 11 survivors (11264K)
 Metaspace       used 53645K, capacity 54992K, committed 55244K, reserved 1097728K
  class space    used 6842K, capacity 7262K, committed 7372K, reserved 1048576K
GC Heap History (10 events):
Event: 1.114 GC heap before
{Heap before GC invocations=0 (full 0):
 garbage-first heap   total 325632K, used 29696K [0x0000000080000000, 0x0000000100000000)
  region size 1024K, 24 young (24576K), 0 survivors (0K)
 Metaspace       used 10650K, capacity 10936K, committed 11264K, reserved 1058816K
  class space    used 1130K, capacity 1200K, committed 1280K, reserved 1048576K
}
Event: 1.119 GC heap after
{Heap after GC invocations=1 (full 0):
 garbage-first heap   total 325632K, used 8647K [0x0000000080000000, 0x0000000100000000)
  region size 1024K, 3 young (3072K), 3 survivors (3072K)
 Metaspace       used 10650K, capacity 10936K, committed 11264K, reserved 1058816K
  class space    used 1130K, capacity 1200K, committed 1280K, reserved 1048576K
}
Event: 4.156 GC heap before
{Heap before GC invocations=1 (full 0):
 garbage-first heap   total 325632K, used 93639K [0x0000000080000000, 0x0000000100000000)
  region size 1024K, 88 young (90112K), 3 survivors (3072K)
 Metaspace       used 20601K, capacity 21099K, committed 21248K, reserved 1067008K
  class space    used 2527K, capacity 2712K, committed 2816K, reserved 1048576K
}
Event: 4.165 GC heap after
{Heap after GC invocations=2 (full 0):
 garbage-first heap   total 325632K, used 16249K [0x0000000080000000, 0x0000000100000000)
  region size 1024K, 11 young (11264K), 11 survivors (11264K)
 Metaspace       used 20601K, capacity 21099K, committed 21248K, reserved 1067008K
  class space    used 2527K, capacity 2712K, committed 2816K, reserved 1048576K
}
Event: 5.575 GC heap before
{Heap before GC invocations=3 (full 0):
 garbage-first heap   total 325632K, used 75641K [0x0000000080000000, 0x0000000100000000)
  region size 1024K, 69 young (70656K), 11 survivors (11264K)
 Metaspace       used 26878K, capacity 27532K, committed 27648K, reserved 1073152K
  class space    used 3541K, capacity 3755K, committed 3840K, reserved 1048576K
}
Event: 5.586 GC heap after
{Heap after GC invocations=4 (full 0):
 garbage-first heap   total 325632K, used 18060K [0x0000000080000000, 0x0000000100000000)
  region size 1024K, 3 young (3072K), 3 survivors (3072K)
 Metaspace       used 26878K, capacity 27532K, committed 27648K, reserved 1073152K
  class space    used 3541K, capacity 3755K, committed 3840K, reserved 1048576K
}
Event: 8.289 GC heap before
{Heap before GC invocations=4 (full 0):
 garbage-first heap   total 325632K, used 59020K [0x0000000080000000, 0x0000000100000000)
  region size 1024K, 44 young (45056K), 3 survivors (3072K)
 Metaspace       used 35070K, capacity 35807K, committed 35840K, reserved 1081344K
  class space    used 4562K, capacity 4854K, committed 4864K, reserved 1048576K
}
Event: 8.322 GC heap after
{Heap after GC invocations=5 (full 0):
 garbage-first heap   total 325632K, used 21092K [0x0000000080000000, 0x0000000100000000)
  region size 1024K, 6 young (6144K), 6 survivors (6144K)
 Metaspace       used 35070K, capacity 35807K, committed 35840K, reserved 1081344K
  class space    used 4562K, capacity 4854K, committed 4864K, reserved 1048576K
}
Event: 14.404 GC heap before
{Heap before GC invocations=6 (full 0):
 garbage-first heap   total 325632K, used 131684K [0x0000000080000000, 0x0000000100000000)
  region size 1024K, 111 young (113664K), 6 survivors (6144K)
 Metaspace       used 44201K, capacity 45267K, committed 45516K, reserved 1089536K
  class space    used 5671K, capacity 6043K, committed 6092K, reserved 1048576K
}
Event: 14.418 GC heap after
{Heap after GC invocations=7 (full 0):
 garbage-first heap   total 325632K, used 26484K [0x0000000080000000, 0x0000000100000000)
  region size 1024K, 11 young (11264K), 11 survivors (11264K)
 Metaspace       used 44201K, capacity 45267K, committed 45516K, reserved 1089536K
  class space    used 5671K, capacity 6043K, committed 6092K, reserved 1048576K
}

